# JRE version: Java(TM) SE Runtime Environment (8.0_60-b27) (build 1.8.0_60-b27)
# Java VM: Java HotSpot(TM) 64-Bit Server VM (25.60-b23 mixed mode windows-amd64 compressed oops)
Heap:
 PSYoungGen      total 510976K, used 173598K [0x00000000d5900000, 0x0000000100000000, 0x0000000100000000)
  eden space 395264K, 14% used [0x00000000d5900000,0x00000000d91df880,0x00000000edb00000)
  from space 115712K, 99% used [0x00000000edb00000,0x00000000f4ba8000,0x00000000f4c00000)
  to   space 154112K, 0% used [0x00000000f6980000,0x00000000f6980000,0x0000000100000000)
 ParOldGen       total 1391616K, used 1219523K [0x0000000080a00000, 0x00000000d5900000, 0x00000000d5900000)
  object space 1391616K, 87% used [0x0000000080a00000,0x00000000cb0f0e18,0x00000000d5900000)
 Metaspace       used 12599K, capacity 12844K, committed 13184K, reserved 1060864K
  class space    used 1516K, capacity 1582K, committed 1664K, reserved 1048576K
GC Heap History (10 events):
Event: 41210.903 GC heap before
{Heap before GC invocations=81288 (full 434):
 PSYoungGen      total 508928K, used 429920K [0x00000000d5900000, 0x00000000fef80000, 0x0000000100000000)
  eden space 355840K, 100% used [0x00000000d5900000,0x00000000eb480000,0x00000000eb480000)
  from space 153088K, 48% used [0x00000000f5a00000,0x00000000fa258000,0x00000000fef80000)
  to   space 161280K, 0% used [0x00000000eb480000,0x00000000eb480000,0x00000000f5200000)
 ParOldGen       total 1391616K, used 1219499K [0x0000000080a00000, 0x00000000d5900000, 0x00000000d5900000)
  object space 1391616K, 87% used [0x0000000080a00000,0x00000000cb0eae18,0x00000000d5900000)
 Metaspace       used 12388K, capacity 12620K, committed 12928K, reserved 1060864K
  class space    used 1499K, capacity 1550K, committed 1664K, reserved 1048576K
Event: 41210.949 GC heap after
Heap after GC invocations=81288 (full 434):
 PSYoungGen      total 517120K, used 82848K [0x00000000d5900000, 0x00000000ff900000, 0x0000000100000000)
  eden space 355840K, 0% used [0x00000000d5900000,0x00000000d5900000,0x00000000eb480000)
  from space 161280K, 51% used [0x00000000eb480000,0x00000000f0568000,0x00000000f5200000)
  to   space 153600K, 0% used [0x00000000f6300000,0x00000000f6300000,0x00000000ff900000)
 ParOldGen       total 1391616K, used 1219499K [0x0000000080a00000, 0x00000000d5900000, 0x00000000d5900000)
  object space 1391616K, 87% used [0x0000000080a00000,0x00000000cb0eae18,0x00000000d5900000)
 Metaspace       used 12388K, capacity 12620K, committed 12928K, reserved 1060864K
  class space    used 1499K, capacity 1550K, committed 1664K, reserved 1048576K
}
Event: 41211.339 GC heap before
{Heap before GC invocations=81289 (full 434):
 PSYoungGen      total 517120K, used 438688K [0x00000000d5900000, 0x00000000ff900000, 0x0000000100000000)
  eden space 355840K, 100% used [0x00000000d5900000,0x00000000eb480000,0x00000000eb480000)
  from space 161280K, 51% used [0x00000000eb480000,0x00000000f0568000,0x00000000f5200000)
  to   space 153600K, 0% used [0x00000000f6300000,0x00000000f6300000,0x00000000ff900000)
 ParOldGen       total 1391616K, used 1219499K [0x0000000080a00000, 0x00000000d5900000, 0x00000000d5900000)
  object space 1391616K, 87% used [0x0000000080a00000,0x00000000cb0eae18,0x00000000d5900000)
 Metaspace       used 12388K, capacity 12620K, committed 12928K, reserved 1060864K
  class space    used 1499K, capacity 1550K, committed 1664K, reserved 1048576K
Event: 41211.389 GC heap after
Heap after GC invocations=81289 (full 434):
 PSYoungGen      total 525312K, used 91200K [0x00000000d5900000, 0x00000000ff080000, 0x0000000100000000)
  eden space 380416K, 0% used [0x00000000d5900000,0x00000000d5900000,0x00000000ecc80000)
  from space 144896K, 62% used [0x00000000f6300000,0x00000000fbc10000,0x00000000ff080000)
  to   space 149504K, 0% used [0x00000000ecc80000,0x00000000ecc80000,0x00000000f5e80000)
 ParOldGen       total 1391616K, used 1219515K [0x0000000080a00000, 0x00000000d5900000, 0x00000000d5900000)
  object space 1391616K, 87% used [0x0000000080a00000,0x00000000cb0eee18,0x00000000d5900000)
 Metaspace       used 12388K, capacity 12620K, committed 12928K, reserved 1060864K
  class space    used 1499K, capacity 1550K, committed 1664K, reserved 1048576K
}
Event: 41211.798 GC heap before
{Heap before GC invocations=81290 (full 434):
 PSYoungGen      total 525312K, used 471616K [0x00000000d5900000, 0x00000000ff080000, 0x0000000100000000)
  eden space 380416K, 100% used [0x00000000d5900000,0x00000000ecc80000,0x00000000ecc80000)
  from space 144896K, 62% used [0x00000000f6300000,0x00000000fbc10000,0x00000000ff080000)
  to   space 149504K, 0% used [0x00000000ecc80000,0x00000000ecc80000,0x00000000f5e80000)
 ParOldGen       total 1391616K, used 1219515K [0x0000000080a00000, 0x00000000d5900000, 0x00000000d5900000)
  object space 1391616K, 87% used [0x0000000080a00000,0x00000000cb0eee18,0x00000000d5900000)
 Metaspace       used 12388K, capacity 12620K, committed 12928K, reserved 1060864K
  class space    used 1499K, capacity 1550K, committed 1664K, reserved 1048576K
Event: 41211.854 GC heap after
Heap after GC invocations=81290 (full 434):
 PSYoungGen      total 529920K, used 99424K [0x00000000d5900000, 0x0000000100000000, 0x0000000100000000)
  eden space 380416K, 0% used [0x00000000d5900000,0x00000000d5900000,0x00000000ecc80000)
  from space 149504K, 66% used [0x00000000ecc80000,0x00000000f2d98000,0x00000000f5e80000)
  to   space 148480K, 0% used [0x00000000f6f00000,0x00000000f6f00000,0x0000000100000000)
 ParOldGen       total 1391616K, used 1219523K [0x0000000080a00000, 0x00000000d5900000, 0x00000000d5900000)
  object space 1391616K, 87% used [0x0000000080a00000,0x00000000cb0f0e18,0x00000000d5900000)
 Metaspace       used 12388K, capacity 12620K, committed 12928K, reserved 1060864K
  class space    used 1499K, capacity 1550K, committed 1664K, reserved 1048576K
}
Event: 41212.275 GC heap before
{Heap before GC invocations=81291 (full 434):
 PSYoungGen      total 529920K, used 479840K [0x00000000d5900000, 0x0000000100000000, 0x0000000100000000)
  eden space 380416K, 100% used [0x00000000d5900000,0x00000000ecc80000,0x00000000ecc80000)
  from space 149504K, 66% used [0x00000000ecc80000,0x00000000f2d98000,0x00000000f5e80000)
  to   space 148480K, 0% used [0x00000000f6f00000,0x00000000f6f00000,0x0000000100000000)
 ParOldGen       total 1391616K, used 1219523K [0x0000000080a00000, 0x00000000d5900000, 0x00000000d5900000)
  object space 1391616K, 87% used [0x0000000080a00000,0x00000000cb0f0e18,0x00000000d5900000)
 Metaspace       used 12388K, capacity 12620K, committed 12928K, reserved 1060864K
  class space    used 1499K, capacity 1550K, committed 1664K, reserved 1048576K
Event: 41212.331 GC heap after
Heap after GC invocations=81291 (full 434):
 PSYoungGen      total 543744K, used 107488K [0x00000000d5900000, 0x0000000100000000, 0x0000000100000000)
  eden space 395264K, 0% used [0x00000000d5900000,0x00000000d5900000,0x00000000edb00000)
  from space 148480K, 72% used [0x00000000f6f00000,0x00000000fd7f8000,0x0000000100000000)
  to   space 150016K, 0% used [0x00000000edb00000,0x00000000edb00000,0x00000000f6d80000)
 ParOldGen       total 1391616K, used 1219523K [0x0000000080a00000, 0x00000000d5900000, 0x00000000d5900000)
  object space 1391616K, 87% used [0x0000000080a00000,0x00000000cb0f0e18,0x00000000d5900000)
 Metaspace       used 12388K, capacity 12620K, committed 12928K, reserved 1060864K
  class space    used 1499K, capacity 1550K, committed 1664K, reserved 1048576K
}
Event: 41212.766 GC heap before
{Heap before GC invocations=81292 (full 434):
 PSYoungGen      total 543744K, used 502752K [0x00000000d5900000, 0x0000000100000000, 0x0000000100000000)
  eden space 395264K, 100% used [0x00000000d5900000,0x00000000edb00000,0x00000000edb00000)
  from space 148480K, 72% used [0x00000000f6f00000,0x00000000fd7f8000,0x0000000100000000)
  to   space 150016K, 0% used [0x00000000edb00000,0x00000000edb00000,0x00000000f6d80000)
 ParOldGen       total 1391616K, used 1219523K [0x0000000080a00000, 0x00000000d5900000, 0x00000000d5900000)
  object space 1391616K, 87% used [0x0000000080a00000,0x00000000cb0f0e18,0x00000000d5900000)
 Metaspace       used 12388K, capacity 12620K, committed 12928K, reserved 1060864K
  class space    used 1499K, capacity 1550K, committed 1664K, reserved 1048576K
Event: 41212.827 GC heap after
Heap after GC invocations=81292 (full 434):
 PSYoungGen      total 510976K, used 115360K [0x00000000d5900000, 0x0000000100000000, 0x0000000100000000)
  eden space 395264K, 0% used [0x00000000d5900000,0x00000000d5900000,0x00000000edb00000)
  from space 115712K, 99% used [0x00000000edb00000,0x00000000f4ba8000,0x00000000f4c00000)
  to   space 154112K, 0% used [0x00000000f6980000,0x00000000f6980000,0x0000000100000000)
 ParOldGen       total 1391616K, used 1219523K [0x0000000080a00000, 0x00000000d5900000, 0x00000000d5900000)
  object space 1391616K, 87% used [0x0000000080a00000,0x00000000cb0f0e18,0x00000000d5900000)
 Metaspace       used 12388K, capacity 12620K, committed 12928K, reserved 1060864K
  class space    used 1499K, capacity 1550K, committed 1664K, reserved 1048576K
}

